<?xml version="1.0" encoding="UTF-8"?>
<!-- Generated by org.testng.reporters.JUnitReportReporter -->
<testsuite name="br.com.rsinet.HUB_TDD.TestCases.EncontraProdutoTestNG" tests="2" time="35.352" ignored="0" failures="0" timestamp="17 jan 2020 18:12:19 GMT" skipped="0" hostname="RSI1562" errors="0">
  <testcase name="naoDeveEncontrarProduto" time="16.887" classname="br.com.rsinet.HUB_TDD.TestCases.EncontraProdutoTestNG"/>
  <testcase name="deveEncontrarProduto" time="18.465" classname="br.com.rsinet.HUB_TDD.TestCases.EncontraProdutoTestNG"/>
</testsuite> <!-- br.com.rsinet.HUB_TDD.TestCases.EncontraProdutoTestNG -->
