<?xml version="1.0" encoding="UTF-8"?>
<!-- Generated by org.testng.reporters.JUnitReportReporter -->
<testsuite name="br.com.rsinet.HUB_TDD.TestCases.EncontraProdutoTestNG" tests="2" time="33.343" ignored="0" failures="0" timestamp="28 jan 2020 16:40:29 GMT" skipped="0" hostname="RSI1562" errors="0">
  <testcase name="deveEncontrarProduto" time="16.326" classname="br.com.rsinet.HUB_TDD.TestCases.EncontraProdutoTestNG"/>
  <testcase name="naoDeveEncontrarProduto" time="17.017" classname="br.com.rsinet.HUB_TDD.TestCases.EncontraProdutoTestNG"/>
</testsuite> <!-- br.com.rsinet.HUB_TDD.TestCases.EncontraProdutoTestNG -->
