<?xml version="1.0" encoding="UTF-8"?>
<!-- Generated by org.testng.reporters.JUnitReportReporter -->
<testsuite name="br.com.rsinet.HUB_TDD.TestCases.PesquisaProdutoTestNG" tests="2" time="10.489" ignored="0" failures="0" timestamp="16 jan 2020 13:00:44 GMT" skipped="0" hostname="RSI1562" errors="0">
  <testcase name="deveInformarProdutoInexistente" time="3.403" classname="br.com.rsinet.HUB_TDD.TestCases.PesquisaProdutoTestNG"/>
  <testcase name="devePesquisarProduto" time="7.086" classname="br.com.rsinet.HUB_TDD.TestCases.PesquisaProdutoTestNG"/>
</testsuite> <!-- br.com.rsinet.HUB_TDD.TestCases.PesquisaProdutoTestNG -->
