<?xml version="1.0" encoding="UTF-8"?>
<!-- Generated by org.testng.reporters.JUnitReportReporter -->
<testsuite name="br.com.rsinet.HUB_TDD.TestCases.PesquisaProdutoTestNG" tests="2" time="30.316" ignored="0" failures="0" timestamp="16 jan 2020 20:26:30 GMT" skipped="0" hostname="RSI1562" errors="0">
  <testcase name="deveInformarProdutoInexistente" time="14.458" classname="br.com.rsinet.HUB_TDD.TestCases.PesquisaProdutoTestNG"/>
  <testcase name="devePesquisarProduto" time="15.858" classname="br.com.rsinet.HUB_TDD.TestCases.PesquisaProdutoTestNG"/>
</testsuite> <!-- br.com.rsinet.HUB_TDD.TestCases.PesquisaProdutoTestNG -->
