<?xml version="1.0" encoding="UTF-8"?>
<!-- Generated by org.testng.reporters.JUnitReportReporter -->
<testsuite name="br.com.rsinet.HUB_TDD.TestCases.CadastroClienteTestNG" tests="2" time="37.222" ignored="0" failures="0" timestamp="16 jan 2020 13:00:44 GMT" skipped="0" hostname="RSI1562" errors="0">
  <testcase name="deveCadastrarUsuario" time="18.505" classname="br.com.rsinet.HUB_TDD.TestCases.CadastroClienteTestNG"/>
  <testcase name="deveRecusarUserNameDuplicado" time="18.717" classname="br.com.rsinet.HUB_TDD.TestCases.CadastroClienteTestNG"/>
</testsuite> <!-- br.com.rsinet.HUB_TDD.TestCases.CadastroClienteTestNG -->
