<?xml version="1.0" encoding="UTF-8"?>
<!-- Generated by org.testng.reporters.JUnitReportReporter -->
<testsuite name="br.com.rsinet.HUB_TDD.TestCases.EncontraProdutoTestNG" tests="2" time="12.241" ignored="0" failures="0" timestamp="16 jan 2020 13:00:44 GMT" skipped="0" hostname="RSI1562" errors="0">
  <testcase name="deveEncontrarProduto" time="5.762" classname="br.com.rsinet.HUB_TDD.TestCases.EncontraProdutoTestNG"/>
  <testcase name="naoDeveEncontrarProduto" time="6.479" classname="br.com.rsinet.HUB_TDD.TestCases.EncontraProdutoTestNG"/>
</testsuite> <!-- br.com.rsinet.HUB_TDD.TestCases.EncontraProdutoTestNG -->
