<?xml version="1.0" encoding="UTF-8"?>
<!-- Generated by org.testng.reporters.JUnitReportReporter -->
<testsuite name="br.com.rsinet.HUB_TDD.utility.ExtentReport" tests="1" time="0.928" ignored="0" failures="0" timestamp="16 Jan 2020 11:38:57 GMT" skipped="0" hostname="RSI1562" errors="0">
  <testcase name="loginTest" time="0.928" classname="br.com.rsinet.HUB_TDD.utility.ExtentReport"/>
</testsuite> <!-- br.com.rsinet.HUB_TDD.utility.ExtentReport -->
