<?xml version="1.0" encoding="UTF-8"?>
<!-- Generated by org.testng.reporters.JUnitReportReporter -->
<testsuite name="br.com.rsinet.HUB_TDD.TestCases.CadastroClienteTestNG" tests="2" time="41.153" ignored="0" failures="0" timestamp="28 jan 2020 16:40:29 GMT" skipped="0" hostname="RSI1562" errors="0">
  <testcase name="deveCadastrarUsuario" time="20.044" classname="br.com.rsinet.HUB_TDD.TestCases.CadastroClienteTestNG"/>
  <testcase name="deveRecusarUserNameDuplicado" time="21.109" classname="br.com.rsinet.HUB_TDD.TestCases.CadastroClienteTestNG"/>
</testsuite> <!-- br.com.rsinet.HUB_TDD.TestCases.CadastroClienteTestNG -->
