<?xml version="1.0" encoding="UTF-8"?>
<!-- Generated by org.testng.reporters.JUnitReportReporter -->
<testsuite name="br.com.rsinet.HUB_TDD.TestCases.PesquisaProdutoTestNG" tests="1" time="19.987" ignored="1" failures="0" timestamp="28 jan 2020 16:42:20 GMT" skipped="0" hostname="RSI1562" errors="0">
  <testcase name="devePesquisarProduto" time="19.987" classname="br.com.rsinet.HUB_TDD.TestCases.PesquisaProdutoTestNG"/>
  <testcase name="deveInformarProdutoInexistente" classname="br.com.rsinet.HUB_TDD.TestCases.PesquisaProdutoTestNG">
    <skipped/>
  </testcase> <!-- deveInformarProdutoInexistente -->
</testsuite> <!-- br.com.rsinet.HUB_TDD.TestCases.PesquisaProdutoTestNG -->
